<?xml version="1.0" encoding="UTF-8"?>
<!-- Generated by org.testng.reporters.JUnitReportReporter -->
<testsuite hostname="PEACE-MSI" failures="0" tests="3" name="com.ecommerce.instashot.ProductTest.VerifyElectronicProduct" time="0.002" errors="0" timestamp="2024-11-07T16:20:50 IST" skipped="0">
  <testcase classname="com.ecommerce.instashot.ProductTest.VerifyElectronicProduct" name="createproduct" time="0.001"/>
  <system-out>
    <![CDATA[electronics product created]]>
  </system-out>
  <testcase classname="com.ecommerce.instashot.ProductTest.VerifyElectronicProduct" name="Updateproduct" time="0.001"/>
  <system-out>
    <![CDATA[electronics product updated]]>
  </system-out>
  <testcase classname="com.ecommerce.instashot.ProductTest.VerifyElectronicProduct" name="Updateproduct" time="0.000"/>
  <system-out>
    <![CDATA[electronics product updated]]>
  </system-out>
</testsuite> <!-- com.ecommerce.instashot.ProductTest.VerifyElectronicProduct -->
