<?xml version="1.0" encoding="UTF-8"?>
<!-- Generated by org.testng.reporters.JUnitReportReporter -->
<testsuite hostname="PEACE-MSI" failures="0" tests="1" name="demo.DemoTest" time="16.351" errors="0" timestamp="2024-11-05T17:21:31 IST" skipped="0">
  <testcase classname="demo.DemoTest" name="verify" time="16.351"/>
</testsuite> <!-- demo.DemoTest -->
