<?xml version="1.0" encoding="UTF-8"?>
<!-- Generated by org.testng.reporters.JUnitReportReporter -->
<testsuite hostname="PEACE-MSI" failures="0" tests="2" name="com.ecommerce.instashot.ProductTest.VerifyKidsProduct" time="0.012" errors="0" timestamp="2024-11-07T16:20:50 IST" skipped="1">
  <testcase classname="com.ecommerce.instashot.ProductTest.VerifyKidsProduct" name="createproduct" time="0.012"/>
  <system-out>
    <![CDATA[kids product created]]>
  </system-out>
  <testcase classname="com.ecommerce.instashot.ProductTest.VerifyKidsProduct" name="Updateproduct">
    <skipped/>
  </testcase> <!-- Updateproduct -->
  <system-out/>
</testsuite> <!-- com.ecommerce.instashot.ProductTest.VerifyKidsProduct -->
